<?xml version="1.0" encoding="UTF-8"?>
<coverage generated="1636560891434" clover="3.2.0">
  <project timestamp="1636560891434" name="All files">
    <metrics statements="66" coveredstatements="49" conditionals="31" coveredconditionals="29" methods="37" coveredmethods="22" elements="134" coveredelements="100" complexity="0" loc="66" ncloc="66" packages="2" files="15" classes="15"/>
    <package name="Commands">
      <metrics statements="53" coveredstatements="36" conditionals="24" coveredconditionals="22" methods="29" coveredmethods="14"/>
      <file name="Command.js" path="D:\ITfan\innowise-calc\src\modules\Commands\Command.js">
        <metrics statements="8" coveredstatements="5" conditionals="2" coveredconditionals="1" methods="3" coveredmethods="1"/>
        <line num="8" count="66" type="stmt"/>
        <line num="9" count="66" type="stmt"/>
        <line num="10" count="66" type="stmt"/>
        <line num="11" count="66" type="stmt"/>
        <line num="13" count="66" type="cond" truecount="1" falsecount="1"/>
        <line num="14" count="0" type="stmt"/>
        <line num="19" count="0" type="stmt"/>
        <line num="23" count="0" type="stmt"/>
      </file>
      <file name="CubeRootCommand.js" path="D:\ITfan\innowise-calc\src\modules\Commands\CubeRootCommand.js">
        <metrics statements="4" coveredstatements="3" conditionals="2" coveredconditionals="2" methods="2" coveredmethods="1"/>
        <line num="5" count="5" type="cond" truecount="2" falsecount="0"/>
        <line num="6" count="1" type="stmt"/>
        <line num="8" count="4" type="stmt"/>
        <line num="14" count="0" type="stmt"/>
      </file>
      <file name="DevCommand.js" path="D:\ITfan\innowise-calc\src\modules\Commands\DevCommand.js">
        <metrics statements="4" coveredstatements="3" conditionals="4" coveredconditionals="4" methods="2" coveredmethods="1"/>
        <line num="5" count="5" type="cond" truecount="4" falsecount="0"/>
        <line num="6" count="1" type="stmt"/>
        <line num="8" count="4" type="stmt"/>
        <line num="14" count="0" type="stmt"/>
      </file>
      <file name="EInxCommand.js" path="D:\ITfan\innowise-calc\src\modules\Commands\EInxCommand.js">
        <metrics statements="2" coveredstatements="1" conditionals="0" coveredconditionals="0" methods="2" coveredmethods="1"/>
        <line num="5" count="7" type="stmt"/>
        <line num="11" count="0" type="stmt"/>
      </file>
      <file name="MinusCommand.js" path="D:\ITfan\innowise-calc\src\modules\Commands\MinusCommand.js">
        <metrics statements="2" coveredstatements="1" conditionals="0" coveredconditionals="0" methods="2" coveredmethods="1"/>
        <line num="5" count="4" type="stmt"/>
        <line num="11" count="0" type="stmt"/>
      </file>
      <file name="MultCommand.js" path="D:\ITfan\innowise-calc\src\modules\Commands\MultCommand.js">
        <metrics statements="2" coveredstatements="1" conditionals="0" coveredconditionals="0" methods="2" coveredmethods="1"/>
        <line num="5" count="5" type="stmt"/>
        <line num="11" count="0" type="stmt"/>
      </file>
      <file name="PlusCommand.js" path="D:\ITfan\innowise-calc\src\modules\Commands\PlusCommand.js">
        <metrics statements="2" coveredstatements="1" conditionals="0" coveredconditionals="0" methods="2" coveredmethods="1"/>
        <line num="5" count="4" type="stmt"/>
        <line num="11" count="0" type="stmt"/>
      </file>
      <file name="SquareRootCommand.js" path="D:\ITfan\innowise-calc\src\modules\Commands\SquareRootCommand.js">
        <metrics statements="4" coveredstatements="3" conditionals="2" coveredconditionals="2" methods="2" coveredmethods="1"/>
        <line num="5" count="5" type="cond" truecount="2" falsecount="0"/>
        <line num="6" count="1" type="stmt"/>
        <line num="8" count="4" type="stmt"/>
        <line num="14" count="0" type="stmt"/>
      </file>
      <file name="TenInXCommand.js" path="D:\ITfan\innowise-calc\src\modules\Commands\TenInXCommand.js">
        <metrics statements="2" coveredstatements="1" conditionals="0" coveredconditionals="0" methods="2" coveredmethods="1"/>
        <line num="5" count="6" type="stmt"/>
        <line num="11" count="0" type="stmt"/>
      </file>
      <file name="XCubeCommand.js" path="D:\ITfan\innowise-calc\src\modules\Commands\XCubeCommand.js">
        <metrics statements="2" coveredstatements="1" conditionals="0" coveredconditionals="0" methods="2" coveredmethods="1"/>
        <line num="5" count="5" type="stmt"/>
        <line num="11" count="0" type="stmt"/>
      </file>
      <file name="XFactCommand.js" path="D:\ITfan\innowise-calc\src\modules\Commands\XFactCommand.js">
        <metrics statements="9" coveredstatements="8" conditionals="6" coveredconditionals="6" methods="2" coveredmethods="1"/>
        <line num="6" count="5" type="cond" truecount="4" falsecount="0"/>
        <line num="7" count="1" type="stmt"/>
        <line num="9" count="4" type="stmt"/>
        <line num="10" count="4" type="cond" truecount="2" falsecount="0"/>
        <line num="11" count="2" type="stmt"/>
        <line num="12" count="5" type="stmt"/>
        <line num="15" count="2" type="stmt"/>
        <line num="18" count="4" type="stmt"/>
        <line num="24" count="0" type="stmt"/>
      </file>
      <file name="XInYCommand.js" path="D:\ITfan\innowise-calc\src\modules\Commands\XInYCommand.js">
        <metrics statements="4" coveredstatements="3" conditionals="4" coveredconditionals="4" methods="2" coveredmethods="1"/>
        <line num="5" count="5" type="cond" truecount="4" falsecount="0"/>
        <line num="6" count="1" type="stmt"/>
        <line num="8" count="4" type="stmt"/>
        <line num="14" count="0" type="stmt"/>
      </file>
      <file name="XSquareCommand.js" path="D:\ITfan\innowise-calc\src\modules\Commands\XSquareCommand.js">
        <metrics statements="2" coveredstatements="1" conditionals="0" coveredconditionals="0" methods="2" coveredmethods="1"/>
        <line num="5" count="5" type="stmt"/>
        <line num="11" count="0" type="stmt"/>
      </file>
      <file name="YRootCommand.js" path="D:\ITfan\innowise-calc\src\modules\Commands\YRootCommand.js">
        <metrics statements="6" coveredstatements="4" conditionals="4" coveredconditionals="3" methods="2" coveredmethods="1"/>
        <line num="5" count="5" type="cond" truecount="2" falsecount="0"/>
        <line num="6" count="1" type="stmt"/>
        <line num="8" count="4" type="cond" truecount="1" falsecount="1"/>
        <line num="9" count="0" type="stmt"/>
        <line num="11" count="4" type="stmt"/>
        <line num="17" count="0" type="stmt"/>
      </file>
    </package>
    <package name="Commands.tests">
      <metrics statements="13" coveredstatements="13" conditionals="7" coveredconditionals="7" methods="8" coveredmethods="8"/>
      <file name="CommandsTester.js" path="D:\ITfan\innowise-calc\src\modules\Commands.tests\CommandsTester.js">
        <metrics statements="13" coveredstatements="13" conditionals="7" coveredconditionals="7" methods="8" coveredmethods="8"/>
        <line num="9" count="13" type="stmt"/>
        <line num="10" count="13" type="stmt"/>
        <line num="21" count="52" type="stmt"/>
        <line num="36" count="66" type="stmt"/>
        <line num="37" count="66" type="stmt"/>
        <line num="41" count="13" type="stmt"/>
        <line num="42" count="52" type="stmt"/>
        <line num="43" count="52" type="cond" truecount="2" falsecount="0"/>
        <line num="44" count="14" type="stmt"/>
        <line num="46" count="14" type="stmt"/>
        <line num="49" count="38" type="cond" truecount="4" falsecount="0"/>
        <line num="50" count="32" type="stmt"/>
        <line num="53" count="6" type="stmt"/>
      </file>
    </package>
  </project>
</coverage>
