{"D:\\ITfan\\innowise-calc\\src\\modules\\CalcMath.js": {"path":"D:\\ITfan\\innowise-calc\\src\\modules\\CalcMath.js","statementMap":{"0":{"start":{"line":3,"column":4},"end":{"line":3,"column":23}},"1":{"start":{"line":4,"column":4},"end":{"line":4,"column":24}},"2":{"start":{"line":5,"column":4},"end":{"line":5,"column":22}},"3":{"start":{"line":6,"column":4},"end":{"line":6,"column":22}},"4":{"start":{"line":7,"column":4},"end":{"line":7,"column":23}},"5":{"start":{"line":8,"column":4},"end":{"line":8,"column":25}},"6":{"start":{"line":9,"column":4},"end":{"line":9,"column":28}},"7":{"start":{"line":10,"column":4},"end":{"line":10,"column":30}},"8":{"start":{"line":14,"column":4},"end":{"line":14,"column":29}},"9":{"start":{"line":15,"column":4},"end":{"line":15,"column":17}},"10":{"start":{"line":16,"column":4},"end":{"line":16,"column":25}},"11":{"start":{"line":20,"column":4},"end":{"line":23,"column":5}},"12":{"start":{"line":21,"column":6},"end":{"line":21,"column":32}},"13":{"start":{"line":22,"column":6},"end":{"line":22,"column":19}},"14":{"start":{"line":27,"column":4},"end":{"line":27,"column":22}},"15":{"start":{"line":28,"column":4},"end":{"line":28,"column":30}},"16":{"start":{"line":32,"column":4},"end":{"line":32,"column":22}},"17":{"start":{"line":33,"column":4},"end":{"line":39,"column":5}},"18":{"start":{"line":34,"column":6},"end":{"line":34,"column":27}},"19":{"start":{"line":35,"column":6},"end":{"line":35,"column":39}},"20":{"start":{"line":36,"column":6},"end":{"line":36,"column":28}},"21":{"start":{"line":37,"column":6},"end":{"line":37,"column":29}},"22":{"start":{"line":38,"column":6},"end":{"line":38,"column":25}},"23":{"start":{"line":43,"column":4},"end":{"line":43,"column":22}},"24":{"start":{"line":44,"column":4},"end":{"line":44,"column":17}},"25":{"start":{"line":45,"column":4},"end":{"line":45,"column":26}},"26":{"start":{"line":46,"column":4},"end":{"line":46,"column":29}},"27":{"start":{"line":50,"column":4},"end":{"line":50,"column":23}},"28":{"start":{"line":51,"column":4},"end":{"line":51,"column":22}},"29":{"start":{"line":52,"column":4},"end":{"line":52,"column":22}},"30":{"start":{"line":53,"column":4},"end":{"line":53,"column":25}},"31":{"start":{"line":54,"column":4},"end":{"line":54,"column":28}},"32":{"start":{"line":55,"column":4},"end":{"line":55,"column":26}},"33":{"start":{"line":59,"column":4},"end":{"line":59,"column":22}},"34":{"start":{"line":61,"column":18},"end":{"line":61,"column":34}},"35":{"start":{"line":63,"column":4},"end":{"line":65,"column":5}},"36":{"start":{"line":64,"column":6},"end":{"line":64,"column":68}},"37":{"start":{"line":66,"column":4},"end":{"line":68,"column":5}},"38":{"start":{"line":67,"column":6},"end":{"line":67,"column":88}},"39":{"start":{"line":70,"column":4},"end":{"line":70,"column":27}}},"fnMap":{"0":{"name":"(anonymous_0)","decl":{"start":{"line":2,"column":2},"end":{"line":2,"column":3}},"loc":{"start":{"line":2,"column":21},"end":{"line":11,"column":3}},"line":2},"1":{"name":"(anonymous_1)","decl":{"start":{"line":13,"column":2},"end":{"line":13,"column":3}},"loc":{"start":{"line":13,"column":17},"end":{"line":17,"column":3}},"line":13},"2":{"name":"(anonymous_2)","decl":{"start":{"line":19,"column":2},"end":{"line":19,"column":3}},"loc":{"start":{"line":19,"column":15},"end":{"line":24,"column":3}},"line":19},"3":{"name":"(anonymous_3)","decl":{"start":{"line":26,"column":2},"end":{"line":26,"column":3}},"loc":{"start":{"line":26,"column":16},"end":{"line":29,"column":3}},"line":26},"4":{"name":"(anonymous_4)","decl":{"start":{"line":31,"column":2},"end":{"line":31,"column":3}},"loc":{"start":{"line":31,"column":31},"end":{"line":40,"column":3}},"line":31},"5":{"name":"(anonymous_5)","decl":{"start":{"line":42,"column":2},"end":{"line":42,"column":3}},"loc":{"start":{"line":42,"column":22},"end":{"line":47,"column":3}},"line":42},"6":{"name":"(anonymous_6)","decl":{"start":{"line":49,"column":2},"end":{"line":49,"column":3}},"loc":{"start":{"line":49,"column":10},"end":{"line":56,"column":3}},"line":49},"7":{"name":"(anonymous_7)","decl":{"start":{"line":58,"column":2},"end":{"line":58,"column":3}},"loc":{"start":{"line":58,"column":11},"end":{"line":71,"column":3}},"line":58}},"branchMap":{"0":{"loc":{"start":{"line":20,"column":4},"end":{"line":23,"column":5}},"type":"if","locations":[{"start":{"line":20,"column":4},"end":{"line":23,"column":5}},{"start":{},"end":{}}],"line":20},"1":{"loc":{"start":{"line":33,"column":4},"end":{"line":39,"column":5}},"type":"if","locations":[{"start":{"line":33,"column":4},"end":{"line":39,"column":5}},{"start":{},"end":{}}],"line":33},"2":{"loc":{"start":{"line":63,"column":4},"end":{"line":65,"column":5}},"type":"if","locations":[{"start":{"line":63,"column":4},"end":{"line":65,"column":5}},{"start":{},"end":{}}],"line":63},"3":{"loc":{"start":{"line":66,"column":4},"end":{"line":68,"column":5}},"type":"if","locations":[{"start":{"line":66,"column":4},"end":{"line":68,"column":5}},{"start":{},"end":{}}],"line":66}},"s":{"0":1,"1":1,"2":1,"3":1,"4":1,"5":1,"6":1,"7":1,"8":0,"9":0,"10":0,"11":24,"12":0,"13":0,"14":12,"15":12,"16":4,"17":4,"18":4,"19":4,"20":4,"21":4,"22":4,"23":4,"24":4,"25":4,"26":4,"27":8,"28":8,"29":8,"30":8,"31":8,"32":8,"33":4,"34":4,"35":4,"36":4,"37":4,"38":4,"39":4},"f":{"0":1,"1":0,"2":24,"3":12,"4":4,"5":4,"6":8,"7":4},"b":{"0":[0,24],"1":[4,0],"2":[4,0],"3":[4,0]},"_coverageSchema":"1a1c01bbd47fc00a2c39e90264f33305004495a9","hash":"1576f3b4fc7842d3bff5cf2d02c4c785a234b221"}
,"D:\\ITfan\\innowise-calc\\src\\modules\\buttonNames.js": {"path":"D:\\ITfan\\innowise-calc\\src\\modules\\buttonNames.js","statementMap":{"0":{"start":{"line":9,"column":20},"end":{"line":142,"column":1}},"1":{"start":{"line":144,"column":20},"end":{"line":159,"column":1}},"2":{"start":{"line":160,"column":24},"end":{"line":164,"column":1}},"3":{"start":{"line":165,"column":27},"end":{"line":171,"column":1}},"4":{"start":{"line":172,"column":23},"end":{"line":184,"column":1}}},"fnMap":{},"branchMap":{},"s":{"0":1,"1":1,"2":1,"3":1,"4":1},"f":{},"b":{},"_coverageSchema":"1a1c01bbd47fc00a2c39e90264f33305004495a9","hash":"12ac4ec591259431809de100b9897ae3f99f0e3a"}
,"D:\\ITfan\\innowise-calc\\src\\modules\\Commands\\ButtonsCommand.js": {"path":"D:\\ITfan\\innowise-calc\\src\\modules\\Commands\\ButtonsCommand.js","statementMap":{"0":{"start":{"line":9,"column":4},"end":{"line":9,"column":19}},"1":{"start":{"line":10,"column":4},"end":{"line":10,"column":33}},"2":{"start":{"line":14,"column":20},"end":{"line":14,"column":49}},"3":{"start":{"line":15,"column":4},"end":{"line":15,"column":26}},"4":{"start":{"line":19,"column":19},"end":{"line":24,"column":10}},"5":{"start":{"line":20,"column":6},"end":{"line":22,"column":7}},"6":{"start":{"line":21,"column":8},"end":{"line":21,"column":28}},"7":{"start":{"line":23,"column":6},"end":{"line":23,"column":27}},"8":{"start":{"line":26,"column":4},"end":{"line":33,"column":5}},"9":{"start":{"line":27,"column":6},"end":{"line":30,"column":7}},"10":{"start":{"line":28,"column":8},"end":{"line":28,"column":67}},"11":{"start":{"line":29,"column":8},"end":{"line":29,"column":15}},"12":{"start":{"line":31,"column":6},"end":{"line":31,"column":32}},"13":{"start":{"line":32,"column":6},"end":{"line":32,"column":13}},"14":{"start":{"line":35,"column":4},"end":{"line":42,"column":5}},"15":{"start":{"line":36,"column":6},"end":{"line":39,"column":7}},"16":{"start":{"line":37,"column":8},"end":{"line":37,"column":61}},"17":{"start":{"line":38,"column":8},"end":{"line":38,"column":15}},"18":{"start":{"line":40,"column":6},"end":{"line":40,"column":71}},"19":{"start":{"line":41,"column":6},"end":{"line":41,"column":13}},"20":{"start":{"line":44,"column":4},"end":{"line":44,"column":57}}},"fnMap":{"0":{"name":"(anonymous_0)","decl":{"start":{"line":8,"column":2},"end":{"line":8,"column":3}},"loc":{"start":{"line":8,"column":35},"end":{"line":11,"column":3}},"line":8},"1":{"name":"(anonymous_1)","decl":{"start":{"line":13,"column":2},"end":{"line":13,"column":3}},"loc":{"start":{"line":13,"column":36},"end":{"line":16,"column":3}},"line":13},"2":{"name":"(anonymous_2)","decl":{"start":{"line":18,"column":2},"end":{"line":18,"column":3}},"loc":{"start":{"line":18,"column":16},"end":{"line":45,"column":3}},"line":18},"3":{"name":"(anonymous_3)","decl":{"start":{"line":19,"column":55},"end":{"line":19,"column":56}},"loc":{"start":{"line":19,"column":88},"end":{"line":24,"column":5}},"line":19}},"branchMap":{"0":{"loc":{"start":{"line":20,"column":6},"end":{"line":22,"column":7}},"type":"if","locations":[{"start":{"line":20,"column":6},"end":{"line":22,"column":7}},{"start":{},"end":{}}],"line":20},"1":{"loc":{"start":{"line":26,"column":4},"end":{"line":33,"column":5}},"type":"if","locations":[{"start":{"line":26,"column":4},"end":{"line":33,"column":5}},{"start":{},"end":{}}],"line":26},"2":{"loc":{"start":{"line":27,"column":6},"end":{"line":30,"column":7}},"type":"if","locations":[{"start":{"line":27,"column":6},"end":{"line":30,"column":7}},{"start":{},"end":{}}],"line":27},"3":{"loc":{"start":{"line":35,"column":4},"end":{"line":42,"column":5}},"type":"if","locations":[{"start":{"line":35,"column":4},"end":{"line":42,"column":5}},{"start":{},"end":{}}],"line":35},"4":{"loc":{"start":{"line":36,"column":6},"end":{"line":39,"column":7}},"type":"if","locations":[{"start":{"line":36,"column":6},"end":{"line":39,"column":7}},{"start":{},"end":{}}],"line":36}},"s":{"0":1,"1":1,"2":8,"3":8,"4":20,"5":660,"6":20,"7":640,"8":20,"9":8,"10":0,"11":0,"12":8,"13":8,"14":12,"15":8,"16":4,"17":4,"18":4,"19":4,"20":4},"f":{"0":1,"1":8,"2":20,"3":660},"b":{"0":[20,640],"1":[8,12],"2":[0,8],"3":[8,4],"4":[4,4]},"_coverageSchema":"1a1c01bbd47fc00a2c39e90264f33305004495a9","hash":"1b7ff7cf6847fa50bfbe6445442f7c21de8bdd4c"}
,"D:\\ITfan\\innowise-calc\\src\\modules\\Commands\\Command.js": {"path":"D:\\ITfan\\innowise-calc\\src\\modules\\Commands\\Command.js","statementMap":{"0":{"start":{"line":3,"column":4},"end":{"line":3,"column":27}},"1":{"start":{"line":5,"column":4},"end":{"line":7,"column":5}},"2":{"start":{"line":6,"column":6},"end":{"line":6,"column":88}},"3":{"start":{"line":11,"column":4},"end":{"line":11,"column":84}}},"fnMap":{"0":{"name":"(anonymous_0)","decl":{"start":{"line":2,"column":2},"end":{"line":2,"column":3}},"loc":{"start":{"line":2,"column":23},"end":{"line":8,"column":3}},"line":2},"1":{"name":"(anonymous_1)","decl":{"start":{"line":10,"column":2},"end":{"line":10,"column":3}},"loc":{"start":{"line":10,"column":12},"end":{"line":12,"column":3}},"line":10}},"branchMap":{"0":{"loc":{"start":{"line":5,"column":4},"end":{"line":7,"column":5}},"type":"if","locations":[{"start":{"line":5,"column":4},"end":{"line":7,"column":5}},{"start":{},"end":{}}],"line":5}},"s":{"0":13,"1":13,"2":0,"3":0},"f":{"0":13,"1":0},"b":{"0":[0,13]},"_coverageSchema":"1a1c01bbd47fc00a2c39e90264f33305004495a9","hash":"a47239e225c6433278f684224b9c79e58695528a"}
,"D:\\ITfan\\innowise-calc\\src\\modules\\Commands\\DevCommand.js": {"path":"D:\\ITfan\\innowise-calc\\src\\modules\\Commands\\DevCommand.js","statementMap":{"0":{"start":{"line":5,"column":4},"end":{"line":12,"column":5}},"1":{"start":{"line":6,"column":6},"end":{"line":8,"column":7}},"2":{"start":{"line":7,"column":8},"end":{"line":7,"column":45}},"3":{"start":{"line":9,"column":6},"end":{"line":9,"column":79}},"4":{"start":{"line":11,"column":6},"end":{"line":11,"column":34}}},"fnMap":{"0":{"name":"(anonymous_0)","decl":{"start":{"line":4,"column":2},"end":{"line":4,"column":3}},"loc":{"start":{"line":4,"column":12},"end":{"line":13,"column":3}},"line":4}},"branchMap":{"0":{"loc":{"start":{"line":6,"column":6},"end":{"line":8,"column":7}},"type":"if","locations":[{"start":{"line":6,"column":6},"end":{"line":8,"column":7}},{"start":{},"end":{}}],"line":6}},"s":{"0":1,"1":1,"2":0,"3":1,"4":0},"f":{"0":1},"b":{"0":[0,1]},"_coverageSchema":"1a1c01bbd47fc00a2c39e90264f33305004495a9","hash":"db51e463e89917ba1e6b92006929feced712b46c"}
,"D:\\ITfan\\innowise-calc\\src\\modules\\Commands\\DotCommand.js": {"path":"D:\\ITfan\\innowise-calc\\src\\modules\\Commands\\DotCommand.js","statementMap":{"0":{"start":{"line":5,"column":4},"end":{"line":8,"column":5}},"1":{"start":{"line":6,"column":6},"end":{"line":6,"column":34}},"2":{"start":{"line":7,"column":6},"end":{"line":7,"column":32}}},"fnMap":{"0":{"name":"(anonymous_0)","decl":{"start":{"line":4,"column":2},"end":{"line":4,"column":3}},"loc":{"start":{"line":4,"column":16},"end":{"line":9,"column":3}},"line":4}},"branchMap":{"0":{"loc":{"start":{"line":5,"column":4},"end":{"line":8,"column":5}},"type":"if","locations":[{"start":{"line":5,"column":4},"end":{"line":8,"column":5}},{"start":{},"end":{}}],"line":5}},"s":{"0":0,"1":0,"2":0},"f":{"0":0},"b":{"0":[0,0]},"_coverageSchema":"1a1c01bbd47fc00a2c39e90264f33305004495a9","hash":"512e6ebaf4af5e3fcf7ad9805f1c1fad2cea2128"}
,"D:\\ITfan\\innowise-calc\\src\\modules\\Commands\\EqualCommand.js": {"path":"D:\\ITfan\\innowise-calc\\src\\modules\\Commands\\EqualCommand.js","statementMap":{"0":{"start":{"line":5,"column":4},"end":{"line":5,"column":26}}},"fnMap":{"0":{"name":"(anonymous_0)","decl":{"start":{"line":4,"column":2},"end":{"line":4,"column":3}},"loc":{"start":{"line":4,"column":12},"end":{"line":6,"column":3}},"line":4}},"branchMap":{},"s":{"0":4},"f":{"0":4},"b":{},"_coverageSchema":"1a1c01bbd47fc00a2c39e90264f33305004495a9","hash":"eed10ca4be7af8a087f1a466db17cba52fb7c11e"}
,"D:\\ITfan\\innowise-calc\\src\\modules\\Commands\\MinusCommand.js": {"path":"D:\\ITfan\\innowise-calc\\src\\modules\\Commands\\MinusCommand.js","statementMap":{"0":{"start":{"line":5,"column":4},"end":{"line":5,"column":77}}},"fnMap":{"0":{"name":"(anonymous_0)","decl":{"start":{"line":4,"column":2},"end":{"line":4,"column":3}},"loc":{"start":{"line":4,"column":12},"end":{"line":6,"column":3}},"line":4}},"branchMap":{},"s":{"0":1},"f":{"0":1},"b":{},"_coverageSchema":"1a1c01bbd47fc00a2c39e90264f33305004495a9","hash":"40826043eb7bc76e0c679b22db9135770c7712cd"}
,"D:\\ITfan\\innowise-calc\\src\\modules\\Commands\\MultCommand.js": {"path":"D:\\ITfan\\innowise-calc\\src\\modules\\Commands\\MultCommand.js","statementMap":{"0":{"start":{"line":5,"column":4},"end":{"line":5,"column":77}}},"fnMap":{"0":{"name":"(anonymous_0)","decl":{"start":{"line":4,"column":2},"end":{"line":4,"column":3}},"loc":{"start":{"line":4,"column":12},"end":{"line":6,"column":3}},"line":4}},"branchMap":{},"s":{"0":1},"f":{"0":1},"b":{},"_coverageSchema":"1a1c01bbd47fc00a2c39e90264f33305004495a9","hash":"5aadd5d3d6827988518ea7d16c4a04e7295085f3"}
,"D:\\ITfan\\innowise-calc\\src\\modules\\Commands\\PlusCommand.js": {"path":"D:\\ITfan\\innowise-calc\\src\\modules\\Commands\\PlusCommand.js","statementMap":{"0":{"start":{"line":5,"column":4},"end":{"line":5,"column":77}}},"fnMap":{"0":{"name":"(anonymous_0)","decl":{"start":{"line":4,"column":2},"end":{"line":4,"column":3}},"loc":{"start":{"line":4,"column":12},"end":{"line":6,"column":3}},"line":4}},"branchMap":{},"s":{"0":1},"f":{"0":1},"b":{},"_coverageSchema":"1a1c01bbd47fc00a2c39e90264f33305004495a9","hash":"4a2269d0e8a4cf12921419477222813b3fa49199"}
,"D:\\ITfan\\innowise-calc\\src\\modules\\Commands\\ResetCommand.js": {"path":"D:\\ITfan\\innowise-calc\\src\\modules\\Commands\\ResetCommand.js","statementMap":{"0":{"start":{"line":5,"column":4},"end":{"line":5,"column":25}}},"fnMap":{"0":{"name":"(anonymous_0)","decl":{"start":{"line":4,"column":2},"end":{"line":4,"column":3}},"loc":{"start":{"line":4,"column":12},"end":{"line":6,"column":3}},"line":4}},"branchMap":{},"s":{"0":4},"f":{"0":4},"b":{},"_coverageSchema":"1a1c01bbd47fc00a2c39e90264f33305004495a9","hash":"0a0d5937509a599b4e24ae13f5360d7bb544f614"}
}
