{"D:\\ITfan\\innowise-calc\\src\\modules\\Commands\\Command.js": {"path":"D:\\ITfan\\innowise-calc\\src\\modules\\Commands\\Command.js","statementMap":{"0":{"start":{"line":8,"column":4},"end":{"line":8,"column":29}},"1":{"start":{"line":9,"column":4},"end":{"line":9,"column":29}},"2":{"start":{"line":10,"column":4},"end":{"line":10,"column":29}},"3":{"start":{"line":11,"column":4},"end":{"line":11,"column":25}},"4":{"start":{"line":13,"column":4},"end":{"line":15,"column":5}},"5":{"start":{"line":14,"column":6},"end":{"line":14,"column":88}},"6":{"start":{"line":19,"column":4},"end":{"line":19,"column":84}},"7":{"start":{"line":23,"column":4},"end":{"line":23,"column":81}}},"fnMap":{"0":{"name":"(anonymous_0)","decl":{"start":{"line":2,"column":2},"end":{"line":2,"column":3}},"loc":{"start":{"line":7,"column":5},"end":{"line":16,"column":3}},"line":7},"1":{"name":"(anonymous_1)","decl":{"start":{"line":18,"column":2},"end":{"line":18,"column":3}},"loc":{"start":{"line":18,"column":12},"end":{"line":20,"column":3}},"line":18},"2":{"name":"(anonymous_2)","decl":{"start":{"line":22,"column":2},"end":{"line":22,"column":3}},"loc":{"start":{"line":22,"column":9},"end":{"line":24,"column":3}},"line":22}},"branchMap":{"0":{"loc":{"start":{"line":13,"column":4},"end":{"line":15,"column":5}},"type":"if","locations":[{"start":{"line":13,"column":4},"end":{"line":15,"column":5}},{"start":{},"end":{}}],"line":13}},"s":{"0":66,"1":66,"2":66,"3":66,"4":66,"5":0,"6":0,"7":0},"f":{"0":66,"1":0,"2":0},"b":{"0":[0,66]},"_coverageSchema":"1a1c01bbd47fc00a2c39e90264f33305004495a9","hash":"e1a52817bb1a3e65bb205716874ca4e7b7d4d6b3"}
,"D:\\ITfan\\innowise-calc\\src\\modules\\Commands\\CubeRootCommand.js": {"path":"D:\\ITfan\\innowise-calc\\src\\modules\\Commands\\CubeRootCommand.js","statementMap":{"0":{"start":{"line":5,"column":4},"end":{"line":7,"column":5}},"1":{"start":{"line":6,"column":6},"end":{"line":6,"column":52}},"2":{"start":{"line":8,"column":4},"end":{"line":10,"column":6}},"3":{"start":{"line":14,"column":4},"end":{"line":16,"column":6}}},"fnMap":{"0":{"name":"(anonymous_0)","decl":{"start":{"line":4,"column":2},"end":{"line":4,"column":3}},"loc":{"start":{"line":4,"column":12},"end":{"line":11,"column":3}},"line":4},"1":{"name":"(anonymous_1)","decl":{"start":{"line":13,"column":2},"end":{"line":13,"column":3}},"loc":{"start":{"line":13,"column":9},"end":{"line":17,"column":3}},"line":13}},"branchMap":{"0":{"loc":{"start":{"line":5,"column":4},"end":{"line":7,"column":5}},"type":"if","locations":[{"start":{"line":5,"column":4},"end":{"line":7,"column":5}},{"start":{},"end":{}}],"line":5}},"s":{"0":5,"1":1,"2":4,"3":0},"f":{"0":5,"1":0},"b":{"0":[1,4]},"_coverageSchema":"1a1c01bbd47fc00a2c39e90264f33305004495a9","hash":"62ebcd9bd80b5a6c7d062c802fa8619c9fcf0bbc"}
,"D:\\ITfan\\innowise-calc\\src\\modules\\Commands\\DevCommand.js": {"path":"D:\\ITfan\\innowise-calc\\src\\modules\\Commands\\DevCommand.js","statementMap":{"0":{"start":{"line":5,"column":4},"end":{"line":7,"column":5}},"1":{"start":{"line":6,"column":6},"end":{"line":6,"column":43}},"2":{"start":{"line":8,"column":4},"end":{"line":10,"column":6}},"3":{"start":{"line":14,"column":4},"end":{"line":18,"column":6}}},"fnMap":{"0":{"name":"(anonymous_0)","decl":{"start":{"line":4,"column":2},"end":{"line":4,"column":3}},"loc":{"start":{"line":4,"column":12},"end":{"line":11,"column":3}},"line":4},"1":{"name":"(anonymous_1)","decl":{"start":{"line":13,"column":2},"end":{"line":13,"column":3}},"loc":{"start":{"line":13,"column":9},"end":{"line":19,"column":3}},"line":13}},"branchMap":{"0":{"loc":{"start":{"line":5,"column":4},"end":{"line":7,"column":5}},"type":"if","locations":[{"start":{"line":5,"column":4},"end":{"line":7,"column":5}},{"start":{},"end":{}}],"line":5},"1":{"loc":{"start":{"line":5,"column":8},"end":{"line":5,"column":51}},"type":"binary-expr","locations":[{"start":{"line":5,"column":8},"end":{"line":5,"column":27}},{"start":{"line":5,"column":31},"end":{"line":5,"column":51}}],"line":5}},"s":{"0":5,"1":1,"2":4,"3":0},"f":{"0":5,"1":0},"b":{"0":[1,4],"1":[5,4]},"_coverageSchema":"1a1c01bbd47fc00a2c39e90264f33305004495a9","hash":"ac0406bd5751d5876fbfe4079336932c9c8156d4"}
,"D:\\ITfan\\innowise-calc\\src\\modules\\Commands\\EInxCommand.js": {"path":"D:\\ITfan\\innowise-calc\\src\\modules\\Commands\\EInxCommand.js","statementMap":{"0":{"start":{"line":5,"column":4},"end":{"line":7,"column":6}},"1":{"start":{"line":11,"column":4},"end":{"line":13,"column":6}}},"fnMap":{"0":{"name":"(anonymous_0)","decl":{"start":{"line":4,"column":2},"end":{"line":4,"column":3}},"loc":{"start":{"line":4,"column":12},"end":{"line":8,"column":3}},"line":4},"1":{"name":"(anonymous_1)","decl":{"start":{"line":10,"column":2},"end":{"line":10,"column":3}},"loc":{"start":{"line":10,"column":9},"end":{"line":14,"column":3}},"line":10}},"branchMap":{},"s":{"0":7,"1":0},"f":{"0":7,"1":0},"b":{},"_coverageSchema":"1a1c01bbd47fc00a2c39e90264f33305004495a9","hash":"7d436ba281ed6e722d64d328dedd5c69633d345e"}
,"D:\\ITfan\\innowise-calc\\src\\modules\\Commands\\MinusCommand.js": {"path":"D:\\ITfan\\innowise-calc\\src\\modules\\Commands\\MinusCommand.js","statementMap":{"0":{"start":{"line":5,"column":4},"end":{"line":7,"column":6}},"1":{"start":{"line":11,"column":4},"end":{"line":15,"column":6}}},"fnMap":{"0":{"name":"(anonymous_0)","decl":{"start":{"line":4,"column":2},"end":{"line":4,"column":3}},"loc":{"start":{"line":4,"column":12},"end":{"line":8,"column":3}},"line":4},"1":{"name":"(anonymous_1)","decl":{"start":{"line":10,"column":2},"end":{"line":10,"column":3}},"loc":{"start":{"line":10,"column":9},"end":{"line":16,"column":3}},"line":10}},"branchMap":{},"s":{"0":4,"1":0},"f":{"0":4,"1":0},"b":{},"_coverageSchema":"1a1c01bbd47fc00a2c39e90264f33305004495a9","hash":"c4ed366b59c1d8af1acf11afc6097de613681649"}
,"D:\\ITfan\\innowise-calc\\src\\modules\\Commands\\MultCommand.js": {"path":"D:\\ITfan\\innowise-calc\\src\\modules\\Commands\\MultCommand.js","statementMap":{"0":{"start":{"line":5,"column":4},"end":{"line":7,"column":6}},"1":{"start":{"line":11,"column":4},"end":{"line":15,"column":6}}},"fnMap":{"0":{"name":"(anonymous_0)","decl":{"start":{"line":4,"column":2},"end":{"line":4,"column":3}},"loc":{"start":{"line":4,"column":12},"end":{"line":8,"column":3}},"line":4},"1":{"name":"(anonymous_1)","decl":{"start":{"line":10,"column":2},"end":{"line":10,"column":3}},"loc":{"start":{"line":10,"column":9},"end":{"line":16,"column":3}},"line":10}},"branchMap":{},"s":{"0":5,"1":0},"f":{"0":5,"1":0},"b":{},"_coverageSchema":"1a1c01bbd47fc00a2c39e90264f33305004495a9","hash":"4447c6ca49f91e8ee64be961223c2172cc179b15"}
,"D:\\ITfan\\innowise-calc\\src\\modules\\Commands\\PlusCommand.js": {"path":"D:\\ITfan\\innowise-calc\\src\\modules\\Commands\\PlusCommand.js","statementMap":{"0":{"start":{"line":5,"column":4},"end":{"line":7,"column":6}},"1":{"start":{"line":11,"column":4},"end":{"line":15,"column":6}}},"fnMap":{"0":{"name":"(anonymous_0)","decl":{"start":{"line":4,"column":2},"end":{"line":4,"column":3}},"loc":{"start":{"line":4,"column":12},"end":{"line":8,"column":3}},"line":4},"1":{"name":"(anonymous_1)","decl":{"start":{"line":10,"column":2},"end":{"line":10,"column":3}},"loc":{"start":{"line":10,"column":9},"end":{"line":16,"column":3}},"line":10}},"branchMap":{},"s":{"0":4,"1":0},"f":{"0":4,"1":0},"b":{},"_coverageSchema":"1a1c01bbd47fc00a2c39e90264f33305004495a9","hash":"3ef4f006976cfdeb44005c6559d75934267a90bf"}
,"D:\\ITfan\\innowise-calc\\src\\modules\\Commands\\SquareRootCommand.js": {"path":"D:\\ITfan\\innowise-calc\\src\\modules\\Commands\\SquareRootCommand.js","statementMap":{"0":{"start":{"line":5,"column":4},"end":{"line":7,"column":5}},"1":{"start":{"line":6,"column":6},"end":{"line":6,"column":52}},"2":{"start":{"line":8,"column":4},"end":{"line":10,"column":6}},"3":{"start":{"line":14,"column":4},"end":{"line":16,"column":6}}},"fnMap":{"0":{"name":"(anonymous_0)","decl":{"start":{"line":4,"column":2},"end":{"line":4,"column":3}},"loc":{"start":{"line":4,"column":12},"end":{"line":11,"column":3}},"line":4},"1":{"name":"(anonymous_1)","decl":{"start":{"line":13,"column":2},"end":{"line":13,"column":3}},"loc":{"start":{"line":13,"column":9},"end":{"line":17,"column":3}},"line":13}},"branchMap":{"0":{"loc":{"start":{"line":5,"column":4},"end":{"line":7,"column":5}},"type":"if","locations":[{"start":{"line":5,"column":4},"end":{"line":7,"column":5}},{"start":{},"end":{}}],"line":5}},"s":{"0":5,"1":1,"2":4,"3":0},"f":{"0":5,"1":0},"b":{"0":[1,4]},"_coverageSchema":"1a1c01bbd47fc00a2c39e90264f33305004495a9","hash":"91eb1c05cad3c1d695b9f05542b70e4fcb68bac6"}
,"D:\\ITfan\\innowise-calc\\src\\modules\\Commands\\TenInXCommand.js": {"path":"D:\\ITfan\\innowise-calc\\src\\modules\\Commands\\TenInXCommand.js","statementMap":{"0":{"start":{"line":5,"column":4},"end":{"line":7,"column":6}},"1":{"start":{"line":11,"column":4},"end":{"line":13,"column":6}}},"fnMap":{"0":{"name":"(anonymous_0)","decl":{"start":{"line":4,"column":2},"end":{"line":4,"column":3}},"loc":{"start":{"line":4,"column":12},"end":{"line":8,"column":3}},"line":4},"1":{"name":"(anonymous_1)","decl":{"start":{"line":10,"column":2},"end":{"line":10,"column":3}},"loc":{"start":{"line":10,"column":9},"end":{"line":14,"column":3}},"line":10}},"branchMap":{},"s":{"0":6,"1":0},"f":{"0":6,"1":0},"b":{},"_coverageSchema":"1a1c01bbd47fc00a2c39e90264f33305004495a9","hash":"40079533030d1c1a70c3615ed379e1745151c873"}
,"D:\\ITfan\\innowise-calc\\src\\modules\\Commands\\XCubeCommand.js": {"path":"D:\\ITfan\\innowise-calc\\src\\modules\\Commands\\XCubeCommand.js","statementMap":{"0":{"start":{"line":5,"column":4},"end":{"line":7,"column":6}},"1":{"start":{"line":11,"column":4},"end":{"line":13,"column":6}}},"fnMap":{"0":{"name":"(anonymous_0)","decl":{"start":{"line":4,"column":2},"end":{"line":4,"column":3}},"loc":{"start":{"line":4,"column":12},"end":{"line":8,"column":3}},"line":4},"1":{"name":"(anonymous_1)","decl":{"start":{"line":10,"column":2},"end":{"line":10,"column":3}},"loc":{"start":{"line":10,"column":9},"end":{"line":14,"column":3}},"line":10}},"branchMap":{},"s":{"0":5,"1":0},"f":{"0":5,"1":0},"b":{},"_coverageSchema":"1a1c01bbd47fc00a2c39e90264f33305004495a9","hash":"f2f700da3d0ca94e40858dad2ff42cd0a3bc069e"}
,"D:\\ITfan\\innowise-calc\\src\\modules\\Commands\\XFactCommand.js": {"path":"D:\\ITfan\\innowise-calc\\src\\modules\\Commands\\XFactCommand.js","statementMap":{"0":{"start":{"line":6,"column":4},"end":{"line":8,"column":5}},"1":{"start":{"line":7,"column":6},"end":{"line":7,"column":37}},"2":{"start":{"line":9,"column":20},"end":{"line":9,"column":21}},"3":{"start":{"line":10,"column":4},"end":{"line":17,"column":5}},"4":{"start":{"line":11,"column":6},"end":{"line":13,"column":7}},"5":{"start":{"line":11,"column":19},"end":{"line":11,"column":20}},"6":{"start":{"line":12,"column":8},"end":{"line":12,"column":23}},"7":{"start":{"line":15,"column":6},"end":{"line":16,"column":76}},"8":{"start":{"line":18,"column":4},"end":{"line":20,"column":6}},"9":{"start":{"line":24,"column":4},"end":{"line":26,"column":6}}},"fnMap":{"0":{"name":"(anonymous_0)","decl":{"start":{"line":5,"column":2},"end":{"line":5,"column":3}},"loc":{"start":{"line":5,"column":12},"end":{"line":21,"column":3}},"line":5},"1":{"name":"(anonymous_1)","decl":{"start":{"line":23,"column":2},"end":{"line":23,"column":3}},"loc":{"start":{"line":23,"column":9},"end":{"line":27,"column":3}},"line":23}},"branchMap":{"0":{"loc":{"start":{"line":6,"column":4},"end":{"line":8,"column":5}},"type":"if","locations":[{"start":{"line":6,"column":4},"end":{"line":8,"column":5}},{"start":{},"end":{}}],"line":6},"1":{"loc":{"start":{"line":6,"column":8},"end":{"line":6,"column":55}},"type":"binary-expr","locations":[{"start":{"line":6,"column":8},"end":{"line":6,"column":25}},{"start":{"line":6,"column":29},"end":{"line":6,"column":55}}],"line":6},"2":{"loc":{"start":{"line":10,"column":4},"end":{"line":17,"column":5}},"type":"if","locations":[{"start":{"line":10,"column":4},"end":{"line":17,"column":5}},{"start":{"line":14,"column":11},"end":{"line":17,"column":5}}],"line":10}},"s":{"0":5,"1":1,"2":4,"3":4,"4":2,"5":2,"6":5,"7":2,"8":4,"9":0},"f":{"0":5,"1":0},"b":{"0":[1,4],"1":[5,4],"2":[2,2]},"_coverageSchema":"1a1c01bbd47fc00a2c39e90264f33305004495a9","hash":"9501fd5697de945678533caff3807b1bbf46bc44"}
,"D:\\ITfan\\innowise-calc\\src\\modules\\Commands\\XInYCommand.js": {"path":"D:\\ITfan\\innowise-calc\\src\\modules\\Commands\\XInYCommand.js","statementMap":{"0":{"start":{"line":5,"column":4},"end":{"line":7,"column":5}},"1":{"start":{"line":6,"column":6},"end":{"line":6,"column":43}},"2":{"start":{"line":8,"column":4},"end":{"line":10,"column":6}},"3":{"start":{"line":14,"column":4},"end":{"line":18,"column":6}}},"fnMap":{"0":{"name":"(anonymous_0)","decl":{"start":{"line":4,"column":2},"end":{"line":4,"column":3}},"loc":{"start":{"line":4,"column":12},"end":{"line":11,"column":3}},"line":4},"1":{"name":"(anonymous_1)","decl":{"start":{"line":13,"column":2},"end":{"line":13,"column":3}},"loc":{"start":{"line":13,"column":9},"end":{"line":19,"column":3}},"line":13}},"branchMap":{"0":{"loc":{"start":{"line":5,"column":4},"end":{"line":7,"column":5}},"type":"if","locations":[{"start":{"line":5,"column":4},"end":{"line":7,"column":5}},{"start":{},"end":{}}],"line":5},"1":{"loc":{"start":{"line":5,"column":8},"end":{"line":5,"column":48}},"type":"binary-expr","locations":[{"start":{"line":5,"column":8},"end":{"line":5,"column":27}},{"start":{"line":5,"column":31},"end":{"line":5,"column":48}}],"line":5}},"s":{"0":5,"1":1,"2":4,"3":0},"f":{"0":5,"1":0},"b":{"0":[1,4],"1":[5,1]},"_coverageSchema":"1a1c01bbd47fc00a2c39e90264f33305004495a9","hash":"1830b9fa8d00e77d773e7e7107e629289fca5c25"}
,"D:\\ITfan\\innowise-calc\\src\\modules\\Commands\\XSquareCommand.js": {"path":"D:\\ITfan\\innowise-calc\\src\\modules\\Commands\\XSquareCommand.js","statementMap":{"0":{"start":{"line":5,"column":4},"end":{"line":7,"column":6}},"1":{"start":{"line":11,"column":4},"end":{"line":13,"column":6}}},"fnMap":{"0":{"name":"(anonymous_0)","decl":{"start":{"line":4,"column":2},"end":{"line":4,"column":3}},"loc":{"start":{"line":4,"column":12},"end":{"line":8,"column":3}},"line":4},"1":{"name":"(anonymous_1)","decl":{"start":{"line":10,"column":2},"end":{"line":10,"column":3}},"loc":{"start":{"line":10,"column":9},"end":{"line":14,"column":3}},"line":10}},"branchMap":{},"s":{"0":5,"1":0},"f":{"0":5,"1":0},"b":{},"_coverageSchema":"1a1c01bbd47fc00a2c39e90264f33305004495a9","hash":"5ac56b829d50eaafce439c8310ad8024912db10b"}
,"D:\\ITfan\\innowise-calc\\src\\modules\\Commands\\YRootCommand.js": {"path":"D:\\ITfan\\innowise-calc\\src\\modules\\Commands\\YRootCommand.js","statementMap":{"0":{"start":{"line":5,"column":4},"end":{"line":7,"column":5}},"1":{"start":{"line":6,"column":6},"end":{"line":6,"column":43}},"2":{"start":{"line":8,"column":4},"end":{"line":10,"column":5}},"3":{"start":{"line":9,"column":6},"end":{"line":9,"column":52}},"4":{"start":{"line":11,"column":4},"end":{"line":13,"column":6}},"5":{"start":{"line":17,"column":4},"end":{"line":21,"column":6}}},"fnMap":{"0":{"name":"(anonymous_0)","decl":{"start":{"line":4,"column":2},"end":{"line":4,"column":3}},"loc":{"start":{"line":4,"column":12},"end":{"line":14,"column":3}},"line":4},"1":{"name":"(anonymous_1)","decl":{"start":{"line":16,"column":2},"end":{"line":16,"column":3}},"loc":{"start":{"line":16,"column":9},"end":{"line":22,"column":3}},"line":16}},"branchMap":{"0":{"loc":{"start":{"line":5,"column":4},"end":{"line":7,"column":5}},"type":"if","locations":[{"start":{"line":5,"column":4},"end":{"line":7,"column":5}},{"start":{},"end":{}}],"line":5},"1":{"loc":{"start":{"line":8,"column":4},"end":{"line":10,"column":5}},"type":"if","locations":[{"start":{"line":8,"column":4},"end":{"line":10,"column":5}},{"start":{},"end":{}}],"line":8}},"s":{"0":5,"1":1,"2":4,"3":0,"4":4,"5":0},"f":{"0":5,"1":0},"b":{"0":[1,4],"1":[0,4]},"_coverageSchema":"1a1c01bbd47fc00a2c39e90264f33305004495a9","hash":"921f72f72aed106e3995ce5bcd701c41ca1dcd9d"}
,"D:\\ITfan\\innowise-calc\\src\\modules\\Commands.tests\\CommandsTester.js": {"path":"D:\\ITfan\\innowise-calc\\src\\modules\\Commands.tests\\CommandsTester.js","statementMap":{"0":{"start":{"line":9,"column":4},"end":{"line":9,"column":27}},"1":{"start":{"line":10,"column":4},"end":{"line":10,"column":25}},"2":{"start":{"line":21,"column":4},"end":{"line":32,"column":7}},"3":{"start":{"line":36,"column":20},"end":{"line":36,"column":43}},"4":{"start":{"line":37,"column":4},"end":{"line":37,"column":29}},"5":{"start":{"line":41,"column":4},"end":{"line":57,"column":7}},"6":{"start":{"line":42,"column":6},"end":{"line":56,"column":10}},"7":{"start":{"line":42,"column":45},"end":{"line":56,"column":8}},"8":{"start":{"line":43,"column":8},"end":{"line":55,"column":9}},"9":{"start":{"line":44,"column":10},"end":{"line":45,"column":63}},"10":{"start":{"line":46,"column":10},"end":{"line":47,"column":48}},"11":{"start":{"line":49,"column":8},"end":{"line":55,"column":9}},"12":{"start":{"line":50,"column":10},"end":{"line":51,"column":39}},"13":{"start":{"line":53,"column":10},"end":{"line":54,"column":37}},"14":{"start":{"line":53,"column":23},"end":{"line":53,"column":59}}},"fnMap":{"0":{"name":"(anonymous_0)","decl":{"start":{"line":8,"column":2},"end":{"line":8,"column":3}},"loc":{"start":{"line":8,"column":23},"end":{"line":11,"column":3}},"line":8},"1":{"name":"(anonymous_1)","decl":{"start":{"line":13,"column":2},"end":{"line":13,"column":3}},"loc":{"start":{"line":20,"column":4},"end":{"line":33,"column":3}},"line":20},"2":{"name":"(anonymous_2)","decl":{"start":{"line":35,"column":2},"end":{"line":35,"column":3}},"loc":{"start":{"line":35,"column":24},"end":{"line":38,"column":3}},"line":35},"3":{"name":"(anonymous_3)","decl":{"start":{"line":40,"column":2},"end":{"line":40,"column":3}},"loc":{"start":{"line":40,"column":33},"end":{"line":58,"column":3}},"line":40},"4":{"name":"(anonymous_4)","decl":{"start":{"line":41,"column":26},"end":{"line":41,"column":27}},"loc":{"start":{"line":41,"column":32},"end":{"line":57,"column":5}},"line":41},"5":{"name":"(anonymous_5)","decl":{"start":{"line":42,"column":30},"end":{"line":42,"column":31}},"loc":{"start":{"line":42,"column":45},"end":{"line":56,"column":8}},"line":42},"6":{"name":"(anonymous_6)","decl":{"start":{"line":42,"column":173},"end":{"line":42,"column":174}},"loc":{"start":{"line":42,"column":179},"end":{"line":56,"column":7}},"line":42},"7":{"name":"(anonymous_7)","decl":{"start":{"line":53,"column":17},"end":{"line":53,"column":18}},"loc":{"start":{"line":53,"column":23},"end":{"line":53,"column":59}},"line":53}},"branchMap":{"0":{"loc":{"start":{"line":40,"column":18},"end":{"line":40,"column":31}},"type":"default-arg","locations":[{"start":{"line":40,"column":30},"end":{"line":40,"column":31}}],"line":40},"1":{"loc":{"start":{"line":43,"column":8},"end":{"line":55,"column":9}},"type":"if","locations":[{"start":{"line":43,"column":8},"end":{"line":55,"column":9}},{"start":{"line":49,"column":8},"end":{"line":55,"column":9}}],"line":43},"2":{"loc":{"start":{"line":49,"column":8},"end":{"line":55,"column":9}},"type":"if","locations":[{"start":{"line":49,"column":8},"end":{"line":55,"column":9}},{"start":{"line":52,"column":15},"end":{"line":55,"column":9}}],"line":49},"3":{"loc":{"start":{"line":49,"column":12},"end":{"line":49,"column":72}},"type":"binary-expr","locations":[{"start":{"line":49,"column":12},"end":{"line":49,"column":37}},{"start":{"line":49,"column":41},"end":{"line":49,"column":72}}],"line":49}},"s":{"0":13,"1":13,"2":52,"3":66,"4":66,"5":13,"6":13,"7":52,"8":52,"9":14,"10":14,"11":38,"12":32,"13":6,"14":6},"f":{"0":13,"1":52,"2":66,"3":13,"4":13,"5":52,"6":52,"7":6},"b":{"0":[12],"1":[14,38],"2":[32,6],"3":[38,14]},"_coverageSchema":"1a1c01bbd47fc00a2c39e90264f33305004495a9","hash":"e8ba6cd4b68361991db276495e24b1b98191b8f9"}
}
