TN:
SF:src\modules\CalcMath.js
FN:4,(anonymous_0)
FN:20,(anonymous_1)
FN:24,(anonymous_2)
FN:38,(anonymous_3)
FN:49,(anonymous_4)
FN:53,(anonymous_5)
FN:59,(anonymous_6)
FN:66,(anonymous_7)
FN:75,(anonymous_8)
FN:78,(anonymous_9)
FN:118,(anonymous_10)
FN:126,(anonymous_11)
FN:141,(anonymous_12)
FN:153,(anonymous_13)
FN:160,(anonymous_14)
FNF:15
FNH:12
FNDA:1,(anonymous_0)
FNDA:17,(anonymous_1)
FNDA:11,(anonymous_2)
FNDA:7,(anonymous_3)
FNDA:0,(anonymous_4)
FNDA:0,(anonymous_5)
FNDA:30,(anonymous_6)
FNDA:22,(anonymous_7)
FNDA:4,(anonymous_8)
FNDA:4,(anonymous_9)
FNDA:18,(anonymous_10)
FNDA:4,(anonymous_11)
FNDA:11,(anonymous_12)
FNDA:0,(anonymous_13)
FNDA:4,(anonymous_14)
DA:5,1
DA:6,1
DA:7,1
DA:8,1
DA:9,1
DA:10,1
DA:11,1
DA:12,1
DA:13,1
DA:14,1
DA:15,1
DA:16,1
DA:21,17
DA:25,11
DA:26,11
DA:30,11
DA:31,4
DA:33,7
DA:35,11
DA:39,7
DA:40,7
DA:42,7
DA:43,7
DA:46,7
DA:50,0
DA:54,0
DA:55,0
DA:56,0
DA:60,30
DA:61,0
DA:62,0
DA:67,22
DA:68,22
DA:69,22
DA:70,0
DA:72,22
DA:76,4
DA:78,4
DA:79,4
DA:80,4
DA:81,4
DA:82,4
DA:83,4
DA:84,4
DA:85,4
DA:86,0
DA:87,0
DA:91,4
DA:93,0
DA:94,0
DA:95,0
DA:96,0
DA:98,0
DA:99,0
DA:100,0
DA:101,0
DA:102,0
DA:103,0
DA:106,4
DA:107,0
DA:108,0
DA:109,0
DA:112,4
DA:113,4
DA:119,18
DA:120,2
DA:123,16
DA:127,4
DA:128,4
DA:130,4
DA:131,4
DA:132,4
DA:133,4
DA:135,0
DA:137,4
DA:138,4
DA:142,11
DA:143,11
DA:144,11
DA:145,11
DA:146,11
DA:147,11
DA:148,11
DA:149,11
DA:150,11
DA:154,0
DA:155,0
DA:156,0
DA:161,4
DA:163,4
DA:164,0
DA:171,4
DA:172,4
LF:93
LH:66
BRDA:21,0,0,17
BRDA:21,0,1,0
BRDA:26,1,0,11
BRDA:26,1,1,0
BRDA:30,2,0,4
BRDA:30,2,1,7
BRDA:30,3,0,11
BRDA:30,3,1,4
BRDA:38,4,0,0
BRDA:38,5,0,7
BRDA:38,6,0,7
BRDA:39,7,0,7
BRDA:39,7,1,0
BRDA:42,8,0,7
BRDA:42,8,1,0
BRDA:60,9,0,0
BRDA:60,9,1,30
BRDA:69,10,0,0
BRDA:69,10,1,22
BRDA:79,11,0,4
BRDA:79,11,1,0
BRDA:79,12,0,4
BRDA:79,12,1,4
BRDA:79,12,2,4
BRDA:86,13,0,0
BRDA:86,13,1,0
BRDA:86,14,0,0
BRDA:86,14,1,0
BRDA:91,15,0,0
BRDA:91,15,1,4
BRDA:91,16,0,4
BRDA:91,16,1,4
BRDA:93,17,0,0
BRDA:93,17,1,0
BRDA:93,18,0,0
BRDA:93,18,1,0
BRDA:106,19,0,0
BRDA:106,19,1,4
BRDA:112,20,0,4
BRDA:112,20,1,0
BRDA:119,21,0,2
BRDA:119,21,1,16
BRDA:132,22,0,4
BRDA:132,22,1,0
BRDA:155,23,0,0
BRDA:155,23,1,0
BRDA:163,24,0,0
BRDA:163,24,1,4
BRDA:163,25,0,4
BRDA:163,25,1,0
BRDA:171,26,0,4
BRDA:171,26,1,0
BRF:52
BRH:27
end_of_record
TN:
SF:src\modules\buttonNames.js
FNF:0
FNH:0
DA:26,1
DA:165,1
DA:182,1
DA:187,1
DA:194,1
LF:5
LH:5
BRF:0
BRH:0
end_of_record
TN:
SF:src\modules\Commands\ButtonsCommand.js
FN:9,(anonymous_0)
FN:50,(anonymous_1)
FN:62,(anonymous_2)
FN:63,(anonymous_3)
FNF:4
FNH:4
FNDA:1,(anonymous_0)
FNDA:11,(anonymous_1)
FNDA:33,(anonymous_2)
FNDA:1122,(anonymous_3)
DA:10,1
DA:11,1
DA:13,1
DA:26,1
DA:33,1
DA:51,11
DA:52,11
DA:54,0
DA:56,11
DA:57,0
DA:59,11
DA:63,33
DA:64,1122
DA:65,33
DA:67,1089
DA:70,33
DA:71,18
DA:72,0
DA:74,18
DA:75,18
DA:76,18
DA:80,15
DA:81,4
DA:82,4
DA:83,4
DA:87,11
DA:88,0
DA:89,0
DA:92,11
DA:93,0
DA:94,0
DA:97,11
DA:99,11
DA:100,0
LF:34
LH:26
BRDA:52,0,0,0
BRDA:52,0,1,11
BRDA:52,1,0,11
BRDA:52,1,1,0
BRDA:56,2,0,0
BRDA:56,2,1,11
BRDA:64,3,0,33
BRDA:64,3,1,1089
BRDA:70,4,0,18
BRDA:70,4,1,15
BRDA:71,5,0,0
BRDA:71,5,1,18
BRDA:74,6,0,18
BRDA:74,6,1,0
BRDA:80,7,0,4
BRDA:80,7,1,11
BRDA:81,8,0,4
BRDA:81,8,1,0
BRDA:87,9,0,0
BRDA:87,9,1,11
BRDA:92,10,0,0
BRDA:92,10,1,11
BRDA:99,11,0,0
BRDA:99,11,1,11
BRF:24
BRH:15
end_of_record
TN:
SF:src\modules\Commands\Command.js
FN:2,(anonymous_0)
FN:10,(anonymous_1)
FN:14,(anonymous_2)
FNF:3
FNH:1
FNDA:31,(anonymous_0)
FNDA:0,(anonymous_1)
FNDA:0,(anonymous_2)
DA:3,31
DA:5,31
DA:6,0
DA:11,0
DA:15,0
LF:5
LH:2
BRDA:5,0,0,0
BRDA:5,0,1,31
BRF:2
BRH:1
end_of_record
TN:
SF:src\modules\Commands\CubeRootCommand.js
FN:4,(anonymous_0)
FNF:1
FNH:1
FNDA:1,(anonymous_0)
DA:5,1
DA:6,1
DA:7,1
DA:8,1
DA:9,0
DA:11,1
DA:13,0
LF:7
LH:5
BRDA:8,0,0,0
BRDA:8,0,1,1
BRF:2
BRH:1
end_of_record
TN:
SF:src\modules\Commands\DevCommand.js
FN:4,(anonymous_0)
FN:22,(anonymous_1)
FNF:2
FNH:1
FNDA:1,(anonymous_0)
FNDA:0,(anonymous_1)
DA:9,1
DA:10,1
DA:11,0
DA:13,1
DA:14,1
DA:15,1
DA:16,1
DA:18,0
DA:23,0
DA:24,0
DA:25,0
LF:11
LH:6
BRDA:10,0,0,0
BRDA:10,0,1,1
BRF:2
BRH:1
end_of_record
TN:
SF:src\modules\Commands\DotCommand.js
FN:4,(anonymous_0)
FNF:1
FNH:0
FNDA:0,(anonymous_0)
DA:5,0
DA:6,0
DA:7,0
LF:3
LH:0
BRDA:5,0,0,0
BRDA:5,0,1,0
BRF:2
BRH:0
end_of_record
TN:
SF:src\modules\Commands\EInxCommand.js
FN:4,(anonymous_0)
FNF:1
FNH:1
FNDA:1,(anonymous_0)
DA:5,1
DA:6,1
LF:2
LH:2
BRF:0
BRH:0
end_of_record
TN:
SF:src\modules\Commands\EqualCommand.js
FN:4,(anonymous_0)
FNF:1
FNH:1
FNDA:4,(anonymous_0)
DA:5,4
LF:1
LH:1
BRF:0
BRH:0
end_of_record
TN:
SF:src\modules\Commands\MCCommand.js
FN:4,(anonymous_0)
FNF:1
FNH:0
FNDA:0,(anonymous_0)
DA:5,0
LF:1
LH:0
BRF:0
BRH:0
end_of_record
TN:
SF:src\modules\Commands\MMinusCommand.js
FN:4,(anonymous_0)
FNF:1
FNH:0
FNDA:0,(anonymous_0)
DA:5,0
DA:6,0
LF:2
LH:0
BRF:0
BRH:0
end_of_record
TN:
SF:src\modules\Commands\MPlusCommand.js
FN:4,(anonymous_0)
FNF:1
FNH:0
FNDA:0,(anonymous_0)
DA:5,0
DA:6,0
LF:2
LH:0
BRF:0
BRH:0
end_of_record
TN:
SF:src\modules\Commands\MRCommand.js
FN:4,(anonymous_0)
FNF:1
FNH:0
FNDA:0,(anonymous_0)
DA:5,0
LF:1
LH:0
BRF:0
BRH:0
end_of_record
TN:
SF:src\modules\Commands\MinusCommand.js
FN:4,(anonymous_0)
FNF:1
FNH:1
FNDA:1,(anonymous_0)
DA:5,1
DA:6,1
DA:8,1
LF:3
LH:3
BRF:0
BRH:0
end_of_record
TN:
SF:src\modules\Commands\MultCommand.js
FN:4,(anonymous_0)
FNF:1
FNH:1
FNDA:1,(anonymous_0)
DA:5,1
LF:1
LH:1
BRF:0
BRH:0
end_of_record
TN:
SF:src\modules\Commands\OneDevXCommand.js
FN:4,(anonymous_0)
FNF:1
FNH:0
FNDA:0,(anonymous_0)
DA:5,0
DA:6,0
DA:7,0
DA:8,0
DA:9,0
DA:10,0
DA:11,0
DA:13,0
DA:15,0
DA:18,0
DA:19,0
DA:20,0
DA:22,0
DA:24,0
LF:14
LH:0
BRDA:8,0,0,0
BRDA:8,0,1,0
BRDA:10,1,0,0
BRDA:10,1,1,0
BRDA:19,2,0,0
BRDA:19,2,1,0
BRF:6
BRH:0
end_of_record
TN:
SF:src\modules\Commands\PercentCommand.js
FN:4,(anonymous_0)
FNF:1
FNH:0
FNDA:0,(anonymous_0)
DA:5,0
DA:6,0
DA:7,0
LF:3
LH:0
BRDA:6,0,0,0
BRDA:6,0,1,0
BRF:2
BRH:0
end_of_record
TN:
SF:src\modules\Commands\PlusCommand.js
FN:4,(anonymous_0)
FNF:1
FNH:1
FNDA:1,(anonymous_0)
DA:5,1
LF:1
LH:1
BRF:0
BRH:0
end_of_record
TN:
SF:src\modules\Commands\PlusMinusCommand.js
FN:4,(anonymous_0)
FNF:1
FNH:0
FNDA:0,(anonymous_0)
DA:5,0
DA:6,0
DA:7,0
DA:8,0
DA:9,0
DA:11,0
LF:6
LH:0
BRDA:8,0,0,0
BRDA:8,0,1,0
BRF:2
BRH:0
end_of_record
TN:
SF:src\modules\Commands\ResetCommand.js
FN:4,(anonymous_0)
FNF:1
FNH:1
FNDA:11,(anonymous_0)
DA:5,11
LF:1
LH:1
BRF:0
BRH:0
end_of_record
TN:
SF:src\modules\Commands\SquareRootCommand.js
FN:4,(anonymous_0)
FNF:1
FNH:1
FNDA:1,(anonymous_0)
DA:5,1
DA:6,1
DA:7,1
DA:8,1
DA:9,0
DA:11,1
DA:13,0
LF:7
LH:5
BRDA:8,0,0,0
BRDA:8,0,1,1
BRF:2
BRH:1
end_of_record
TN:
SF:src\modules\Commands\TenInXCommand.js
FN:4,(anonymous_0)
FNF:1
FNH:1
FNDA:1,(anonymous_0)
DA:5,1
DA:6,1
LF:2
LH:2
BRF:0
BRH:0
end_of_record
TN:
SF:src\modules\Commands\UnDoCommnd.js
FN:4,(anonymous_0)
FNF:1
FNH:0
FNDA:0,(anonymous_0)
DA:5,0
LF:1
LH:0
BRF:0
BRH:0
end_of_record
TN:
SF:src\modules\Commands\XCubeCommand.js
FN:4,(anonymous_0)
FNF:1
FNH:1
FNDA:1,(anonymous_0)
DA:5,1
DA:6,1
LF:2
LH:2
BRF:0
BRH:0
end_of_record
TN:
SF:src\modules\Commands\XFactCommand.js
FN:5,(anonymous_0)
FNF:1
FNH:1
FNDA:1,(anonymous_0)
DA:6,1
DA:7,1
DA:8,1
DA:9,1
DA:10,0
DA:12,1
DA:13,1
DA:14,5
DA:16,1
DA:18,0
LF:10
LH:8
BRDA:9,0,0,0
BRDA:9,0,1,1
BRF:2
BRH:1
end_of_record
TN:
SF:src\modules\Commands\XInYCommand.js
FN:4,(anonymous_0)
FNF:1
FNH:0
FNDA:0,(anonymous_0)
DA:5,0
LF:1
LH:0
BRF:0
BRH:0
end_of_record
TN:
SF:src\modules\Commands\XSquareCommand.js
FN:4,(anonymous_0)
FNF:1
FNH:1
FNDA:1,(anonymous_0)
DA:5,1
DA:6,1
LF:2
LH:2
BRF:0
BRH:0
end_of_record
TN:
SF:src\modules\Commands\YRootCommand.js
FN:4,(anonymous_0)
FNF:1
FNH:0
FNDA:0,(anonymous_0)
DA:5,0
DA:6,0
DA:7,0
DA:8,0
DA:9,0
DA:11,0
DA:12,0
DA:14,0
DA:16,0
LF:9
LH:0
BRDA:8,0,0,0
BRDA:8,0,1,0
BRDA:11,1,0,0
BRDA:11,1,1,0
BRF:4
BRH:0
end_of_record
