TN:
SF:src\modules\CalcMath.js
FN:2,(anonymous_0)
FN:13,(anonymous_1)
FN:19,(anonymous_2)
FN:26,(anonymous_3)
FN:31,(anonymous_4)
FN:42,(anonymous_5)
FN:49,(anonymous_6)
FN:58,(anonymous_7)
FNF:8
FNH:7
FNDA:1,(anonymous_0)
FNDA:0,(anonymous_1)
FNDA:24,(anonymous_2)
FNDA:12,(anonymous_3)
FNDA:4,(anonymous_4)
FNDA:4,(anonymous_5)
FNDA:8,(anonymous_6)
FNDA:4,(anonymous_7)
DA:3,1
DA:4,1
DA:5,1
DA:6,1
DA:7,1
DA:8,1
DA:9,1
DA:10,1
DA:14,0
DA:15,0
DA:16,0
DA:20,24
DA:21,0
DA:22,0
DA:27,12
DA:28,12
DA:32,4
DA:33,4
DA:34,4
DA:35,4
DA:36,4
DA:37,4
DA:38,4
DA:43,4
DA:44,4
DA:45,4
DA:46,4
DA:50,8
DA:51,8
DA:52,8
DA:53,8
DA:54,8
DA:55,8
DA:59,4
DA:61,4
DA:63,4
DA:64,4
DA:66,4
DA:67,4
DA:70,4
LF:40
LH:35
BRDA:20,0,0,0
BRDA:20,0,1,24
BRDA:33,1,0,4
BRDA:33,1,1,0
BRDA:63,2,0,4
BRDA:63,2,1,0
BRDA:66,3,0,4
BRDA:66,3,1,0
BRF:8
BRH:4
end_of_record
TN:
SF:src\modules\buttonNames.js
FNF:0
FNH:0
DA:9,1
DA:144,1
DA:160,1
DA:165,1
DA:172,1
LF:5
LH:5
BRF:0
BRH:0
end_of_record
TN:
SF:src\modules\Commands\ButtonsCommand.js
FN:8,(anonymous_0)
FN:13,(anonymous_1)
FN:18,(anonymous_2)
FN:19,(anonymous_3)
FNF:4
FNH:4
FNDA:1,(anonymous_0)
FNDA:8,(anonymous_1)
FNDA:20,(anonymous_2)
FNDA:660,(anonymous_3)
DA:9,1
DA:10,1
DA:14,8
DA:15,8
DA:19,20
DA:20,660
DA:21,20
DA:23,640
DA:26,20
DA:27,8
DA:28,0
DA:29,0
DA:31,8
DA:32,8
DA:35,12
DA:36,8
DA:37,4
DA:38,4
DA:40,4
DA:41,4
DA:44,4
LF:21
LH:19
BRDA:20,0,0,20
BRDA:20,0,1,640
BRDA:26,1,0,8
BRDA:26,1,1,12
BRDA:27,2,0,0
BRDA:27,2,1,8
BRDA:35,3,0,8
BRDA:35,3,1,4
BRDA:36,4,0,4
BRDA:36,4,1,4
BRF:10
BRH:9
end_of_record
TN:
SF:src\modules\Commands\Command.js
FN:2,(anonymous_0)
FN:10,(anonymous_1)
FNF:2
FNH:1
FNDA:13,(anonymous_0)
FNDA:0,(anonymous_1)
DA:3,13
DA:5,13
DA:6,0
DA:11,0
LF:4
LH:2
BRDA:5,0,0,0
BRDA:5,0,1,13
BRF:2
BRH:1
end_of_record
TN:
SF:src\modules\Commands\DevCommand.js
FN:4,(anonymous_0)
FNF:1
FNH:1
FNDA:1,(anonymous_0)
DA:5,1
DA:6,1
DA:7,0
DA:9,1
DA:11,0
LF:5
LH:3
BRDA:6,0,0,0
BRDA:6,0,1,1
BRF:2
BRH:1
end_of_record
TN:
SF:src\modules\Commands\DotCommand.js
FN:4,(anonymous_0)
FNF:1
FNH:0
FNDA:0,(anonymous_0)
DA:5,0
DA:6,0
DA:7,0
LF:3
LH:0
BRDA:5,0,0,0
BRDA:5,0,1,0
BRF:2
BRH:0
end_of_record
TN:
SF:src\modules\Commands\EqualCommand.js
FN:4,(anonymous_0)
FNF:1
FNH:1
FNDA:4,(anonymous_0)
DA:5,4
LF:1
LH:1
BRF:0
BRH:0
end_of_record
TN:
SF:src\modules\Commands\MinusCommand.js
FN:4,(anonymous_0)
FNF:1
FNH:1
FNDA:1,(anonymous_0)
DA:5,1
LF:1
LH:1
BRF:0
BRH:0
end_of_record
TN:
SF:src\modules\Commands\MultCommand.js
FN:4,(anonymous_0)
FNF:1
FNH:1
FNDA:1,(anonymous_0)
DA:5,1
LF:1
LH:1
BRF:0
BRH:0
end_of_record
TN:
SF:src\modules\Commands\PlusCommand.js
FN:4,(anonymous_0)
FNF:1
FNH:1
FNDA:1,(anonymous_0)
DA:5,1
LF:1
LH:1
BRF:0
BRH:0
end_of_record
TN:
SF:src\modules\Commands\ResetCommand.js
FN:4,(anonymous_0)
FNF:1
FNH:1
FNDA:4,(anonymous_0)
DA:5,4
LF:1
LH:1
BRF:0
BRH:0
end_of_record
